<?xml version="1.0" encoding="UTF-8"?>
<testng-results total="1" passed="1" failed="0" skipped="0">
  <reporter-output>
  </reporter-output>
  <suite started-at="2022-04-01T07:19:01Z" name="Default suite" finished-at="2022-04-01T07:19:45Z" duration-ms="44309">
    <groups>
    </groups>
    <test started-at="2022-04-01T07:19:01Z" name="Default test" finished-at="2022-04-01T07:19:45Z" duration-ms="44309">
      <class name="base.bookHotelTest">
        <test-method is-config="true" signature="Setup()[pri:0, instance:base.bookHotelTest@55634720]" started-at="2022-04-01T13:18:45Z" name="Setup" finished-at="2022-04-01T13:19:01Z" duration-ms="15954" status="PASS">
          <reporter-output>
          </reporter-output>
        </test-method> <!-- Setup -->
        <test-method signature="findHotel()[pri:0, instance:base.bookHotelTest@55634720]" started-at="2022-04-01T13:19:01Z" name="findHotel" finished-at="2022-04-01T13:19:45Z" duration-ms="44249" status="PASS">
          <reporter-output>
          </reporter-output>
        </test-method> <!-- findHotel -->
        <test-method is-config="true" signature="tearDown()[pri:0, instance:base.bookHotelTest@55634720]" started-at="2022-04-01T13:19:46Z" name="tearDown" finished-at="2022-04-01T13:19:46Z" duration-ms="264" status="PASS">
          <reporter-output>
          </reporter-output>
        </test-method> <!-- tearDown -->
      </class> <!-- base.bookHotelTest -->
    </test> <!-- Default test -->
  </suite> <!-- Default suite -->
</testng-results>
